<?xml version="1.0" encoding="UTF-8"?>
<testng-results ignored="1" total="6" passed="5" failed="0" skipped="0">
  <reporter-output>
  </reporter-output>
  <suite started-at="2022-06-01T17:54:54 IST" name="Suite" finished-at="2022-06-01T17:58:03 IST" duration-ms="189116">
    <groups>
    </groups>
    <test started-at="2022-06-01T17:54:54 IST" name="Test" finished-at="2022-06-01T17:58:03 IST" duration-ms="189116">
      <class name="com.mystore.testcases.TC_ProductPageTest">
        <test-method is-config="true" signature="setup()[pri:0, instance:com.mystore.testcases.TC_ProductPageTest@41e36e46]" started-at="2022-06-01T17:55:16 IST" name="setup" finished-at="2022-06-01T17:57:03 IST" duration-ms="106575" status="PASS">
          <reporter-output>
          </reporter-output>
        </test-method> <!-- setup -->
        <test-method signature="VerifyBuyProduct()[pri:0, instance:com.mystore.testcases.TC_ProductPageTest@41e36e46]" started-at="2022-06-01T17:57:03 IST" name="VerifyBuyProduct" finished-at="2022-06-01T17:57:38 IST" duration-ms="35517" status="PASS">
          <reporter-output>
          </reporter-output>
        </test-method> <!-- VerifyBuyProduct -->
        <test-method signature="VerifySearchProduct()[pri:0, instance:com.mystore.testcases.TC_ProductPageTest@41e36e46]" started-at="2022-06-01T17:57:38 IST" name="VerifySearchProduct" finished-at="2022-06-01T17:57:58 IST" duration-ms="19180" status="PASS">
          <reporter-output>
          </reporter-output>
        </test-method> <!-- VerifySearchProduct -->
        <test-method signature="verifyAddToWishlistWithoutLogin()[pri:0, instance:com.mystore.testcases.TC_ProductPageTest@41e36e46]" started-at="2022-06-01T17:57:58 IST" name="verifyAddToWishlistWithoutLogin" finished-at="2022-06-01T17:58:03 IST" duration-ms="5439" status="PASS">
          <reporter-output>
          </reporter-output>
        </test-method> <!-- verifyAddToWishlistWithoutLogin -->
        <test-method is-config="true" signature="tearDown()[pri:0, instance:com.mystore.testcases.TC_ProductPageTest@41e36e46]" started-at="2022-06-01T17:58:03 IST" name="tearDown" finished-at="2022-06-01T17:58:03 IST" duration-ms="259" status="PASS">
          <reporter-output>
          </reporter-output>
        </test-method> <!-- tearDown -->
      </class> <!-- com.mystore.testcases.TC_ProductPageTest -->
      <class name="com.mystore.testcases.TC_MyAccountPageTest">
        <test-method is-config="true" signature="setup()[pri:0, instance:com.mystore.testcases.TC_MyAccountPageTest@1817d444]" started-at="2022-06-01T17:54:54 IST" name="setup" finished-at="2022-06-01T17:55:02 IST" duration-ms="7746" status="PASS">
          <reporter-output>
          </reporter-output>
        </test-method> <!-- setup -->
        <test-method signature="VerifyLogin()[pri:0, instance:com.mystore.testcases.TC_MyAccountPageTest@1817d444]" started-at="2022-06-01T17:55:02 IST" name="VerifyLogin" finished-at="2022-06-01T17:55:09 IST" duration-ms="6806" status="PASS">
          <reporter-output>
          </reporter-output>
        </test-method> <!-- VerifyLogin -->
        <test-method signature="VerifySignOut()[pri:0, instance:com.mystore.testcases.TC_MyAccountPageTest@1817d444]" started-at="2022-06-01T17:55:09 IST" name="VerifySignOut" finished-at="2022-06-01T17:55:16 IST" duration-ms="7325" status="PASS">
          <reporter-output>
          </reporter-output>
        </test-method> <!-- VerifySignOut -->
        <test-method is-config="true" signature="tearDown()[pri:0, instance:com.mystore.testcases.TC_MyAccountPageTest@1817d444]" started-at="2022-06-01T17:55:16 IST" name="tearDown" finished-at="2022-06-01T17:55:16 IST" duration-ms="116" status="PASS">
          <reporter-output>
          </reporter-output>
        </test-method> <!-- tearDown -->
      </class> <!-- com.mystore.testcases.TC_MyAccountPageTest -->
    </test> <!-- Test -->
  </suite> <!-- Suite -->
</testng-results>
