<?xml version="1.0" encoding="UTF-8"?>
<testsuite xmlns:xsi="http://www.w3.org/2001/XMLSchema-instance" xsi:noNamespaceSchemaLocation="https://maven.apache.org/surefire/maven-surefire-plugin/xsd/surefire-test-report-3.0.xsd" version="3.0" name="TestSuite" time="189.713" tests="5" errors="0" skipped="0" failures="0">
  <properties>
[...]
</properties>
  <testcase name="VerifyLogin" classname="com.mystore.testcases.TC_MyAccountPageTest" time="6.813">
    <system-out><![CDATA[On Start method invoked....
[DEBUG] 2022-06-01 17:54:55.344 [main] InternalLoggerFactory - Using Log4J2 as the default logging framework
[DEBUG] 2022-06-01 17:54:55.349 [main] ResourceLeakDetector - -Dio.netty.leakDetection.level: simple
[DEBUG] 2022-06-01 17:54:55.349 [main] ResourceLeakDetector - -Dio.netty.leakDetection.targetRecords: 4
[DEBUG] 2022-06-01 17:54:55.352 [main] ResourceLeakDetectorFactory - Loaded default ResourceLeakDetector: io.netty.util.ResourceLeakDetector@6a84bc3f
[DEBUG] 2022-06-01 17:54:55.363 [main] PlatformDependent0 - -Dio.netty.noUnsafe: false
[DEBUG] 2022-06-01 17:54:55.363 [main] PlatformDependent0 - Java version: 17
[DEBUG] 2022-06-01 17:54:55.364 [main] PlatformDependent0 - sun.misc.Unsafe.theUnsafe: available
[DEBUG] 2022-06-01 17:54:55.365 [main] PlatformDependent0 - sun.misc.Unsafe.copyMemory: available
[DEBUG] 2022-06-01 17:54:55.365 [main] PlatformDependent0 - java.nio.Buffer.address: available
[DEBUG] 2022-06-01 17:54:55.366 [main] PlatformDependent0 - direct buffer constructor: unavailable: Reflective setAccessible(true) disabled
[DEBUG] 2022-06-01 17:54:55.366 [main] PlatformDependent0 - java.nio.Bits.unaligned: available, true
[DEBUG] 2022-06-01 17:54:55.367 [main] PlatformDependent0 - jdk.internal.misc.Unsafe.allocateUninitializedArray(int): unavailable: class io.netty.util.internal.PlatformDependent0$6 cannot access class jdk.internal.misc.Unsafe (in module java.base) because module java.base does not export jdk.internal.misc to unnamed module @527e5409
[DEBUG] 2022-06-01 17:54:55.368 [main] PlatformDependent0 - java.nio.DirectByteBuffer.<init>(long, int): unavailable
[DEBUG] 2022-06-01 17:54:55.368 [main] PlatformDependent - sun.misc.Unsafe: available
[DEBUG] 2022-06-01 17:54:55.368 [main] PlatformDependent - maxDirectMemory: 2067791872 bytes (maybe)
[DEBUG] 2022-06-01 17:54:55.369 [main] PlatformDependent - -Dio.netty.tmpdir: C:\Users\prach\AppData\Local\Temp (java.io.tmpdir)
[DEBUG] 2022-06-01 17:54:55.369 [main] PlatformDependent - -Dio.netty.bitMode: 64 (sun.arch.data.model)
[DEBUG] 2022-06-01 17:54:55.369 [main] PlatformDependent - Platform: Windows
[DEBUG] 2022-06-01 17:54:55.369 [main] PlatformDependent - -Dio.netty.maxDirectMemory: -1 bytes
[DEBUG] 2022-06-01 17:54:55.369 [main] PlatformDependent - -Dio.netty.uninitializedArrayAllocationThreshold: -1
[DEBUG] 2022-06-01 17:54:55.370 [main] CleanerJava9 - java.nio.ByteBuffer.cleaner(): available
[DEBUG] 2022-06-01 17:54:55.370 [main] PlatformDependent - -Dio.netty.noPreferDirect: false
[DEBUG] 2022-06-01 17:54:55.376 [main] PlatformDependent - org.jctools-core.MpscChunkedArrayQueue: available
[DEBUG] 2022-06-01 17:54:55.389 [main] InternalThreadLocalMap - -Dio.netty.threadLocalMap.stringBuilder.initialSize: 1024
[DEBUG] 2022-06-01 17:54:55.389 [main] InternalThreadLocalMap - -Dio.netty.threadLocalMap.stringBuilder.maxSize: 4096
[DEBUG] 2022-06-01 17:54:55.430 [main] JdkSslContext - Default protocols (JDK): [TLSv1.3, TLSv1.2] 
[DEBUG] 2022-06-01 17:54:55.430 [main] JdkSslContext - Default cipher suites (JDK): [TLS_ECDHE_ECDSA_WITH_AES_256_GCM_SHA384, TLS_ECDHE_ECDSA_WITH_AES_128_GCM_SHA256, TLS_ECDHE_RSA_WITH_AES_128_GCM_SHA256, TLS_ECDHE_RSA_WITH_AES_256_GCM_SHA384, TLS_ECDHE_RSA_WITH_AES_128_CBC_SHA, TLS_ECDHE_RSA_WITH_AES_256_CBC_SHA, TLS_RSA_WITH_AES_128_GCM_SHA256, TLS_RSA_WITH_AES_128_CBC_SHA, TLS_RSA_WITH_AES_256_CBC_SHA, TLS_AES_128_GCM_SHA256, TLS_AES_256_GCM_SHA384]
[DEBUG] 2022-06-01 17:54:55.446 [main] MultithreadEventLoopGroup - -Dio.netty.eventLoopThreads: 16
[DEBUG] 2022-06-01 17:54:55.452 [main] NioEventLoop - -Dio.netty.noKeySetOptimization: false
[DEBUG] 2022-06-01 17:54:55.452 [main] NioEventLoop - -Dio.netty.selectorAutoRebuildThreshold: 512
[DEBUG] 2022-06-01 17:54:55.490 [main] PooledByteBufAllocator - -Dio.netty.allocator.numHeapArenas: 16
[DEBUG] 2022-06-01 17:54:55.490 [main] PooledByteBufAllocator - -Dio.netty.allocator.numDirectArenas: 16
[DEBUG] 2022-06-01 17:54:55.490 [main] PooledByteBufAllocator - -Dio.netty.allocator.pageSize: 8192
[DEBUG] 2022-06-01 17:54:55.490 [main] PooledByteBufAllocator - -Dio.netty.allocator.maxOrder: 11
[DEBUG] 2022-06-01 17:54:55.491 [main] PooledByteBufAllocator - -Dio.netty.allocator.chunkSize: 16777216
[DEBUG] 2022-06-01 17:54:55.491 [main] PooledByteBufAllocator - -Dio.netty.allocator.smallCacheSize: 256
[DEBUG] 2022-06-01 17:54:55.491 [main] PooledByteBufAllocator - -Dio.netty.allocator.normalCacheSize: 64
[DEBUG] 2022-06-01 17:54:55.491 [main] PooledByteBufAllocator - -Dio.netty.allocator.maxCachedBufferCapacity: 32768
[DEBUG] 2022-06-01 17:54:55.491 [main] PooledByteBufAllocator - -Dio.netty.allocator.cacheTrimInterval: 8192
[DEBUG] 2022-06-01 17:54:55.491 [main] PooledByteBufAllocator - -Dio.netty.allocator.cacheTrimIntervalMillis: 0
[DEBUG] 2022-06-01 17:54:55.491 [main] PooledByteBufAllocator - -Dio.netty.allocator.useCacheForAllThreads: true
[DEBUG] 2022-06-01 17:54:55.491 [main] PooledByteBufAllocator - -Dio.netty.allocator.maxCachedByteBuffersPerChunk: 1023
[DEBUG] 2022-06-01 17:54:55.499 [main] ByteBufUtil - -Dio.netty.allocator.type: pooled
[DEBUG] 2022-06-01 17:54:55.499 [main] ByteBufUtil - -Dio.netty.threadLocalDirectBufferSize: 0
[DEBUG] 2022-06-01 17:54:55.499 [main] ByteBufUtil - -Dio.netty.maxThreadLocalCharBufferSize: 16384
[DEBUG] 2022-06-01 17:54:55.793 [Forwarding newSession on session null to remote] DefaultChannelId - -Dio.netty.processId: 888 (auto-detected)
[DEBUG] 2022-06-01 17:54:55.795 [Forwarding newSession on session null to remote] NetUtil - -Djava.net.preferIPv4Stack: false
[DEBUG] 2022-06-01 17:54:55.795 [Forwarding newSession on session null to remote] NetUtil - -Djava.net.preferIPv6Addresses: false
[DEBUG] 2022-06-01 17:54:55.802 [Forwarding newSession on session null to remote] NetUtilInitializations - Loopback interface: lo (Software Loopback Interface 1, 127.0.0.1)
[DEBUG] 2022-06-01 17:54:55.803 [Forwarding newSession on session null to remote] NetUtil - Failed to get SOMAXCONN from sysctl and file \proc\sys\net\core\somaxconn. Default: 200
[DEBUG] 2022-06-01 17:54:55.821 [Forwarding newSession on session null to remote] DefaultChannelId - -Dio.netty.machineId: 84:5c:f3:ff:fe:4d:c3:0d (auto-detected)
[DEBUG] 2022-06-01 17:54:55.865 [AsyncHttpClient-1-2] AbstractByteBuf - -Dio.netty.buffer.checkAccessible: true
[DEBUG] 2022-06-01 17:54:55.865 [AsyncHttpClient-1-2] AbstractByteBuf - -Dio.netty.buffer.checkBounds: true
[DEBUG] 2022-06-01 17:54:55.865 [AsyncHttpClient-1-2] ResourceLeakDetectorFactory - Loaded default ResourceLeakDetector: io.netty.util.ResourceLeakDetector@3f95c3f9
[DEBUG] 2022-06-01 17:54:55.888 [AsyncHttpClient-1-2] Recycler - -Dio.netty.recycler.maxCapacityPerThread: 4096
[DEBUG] 2022-06-01 17:54:55.888 [AsyncHttpClient-1-2] Recycler - -Dio.netty.recycler.maxSharedCapacityFactor: 2
[DEBUG] 2022-06-01 17:54:55.888 [AsyncHttpClient-1-2] Recycler - -Dio.netty.recycler.linkCapacity: 16
[DEBUG] 2022-06-01 17:54:55.888 [AsyncHttpClient-1-2] Recycler - -Dio.netty.recycler.ratio: 8
[DEBUG] 2022-06-01 17:54:55.888 [AsyncHttpClient-1-2] Recycler - -Dio.netty.recycler.delayedQueue.ratio: 8
[DEBUG] 2022-06-01 17:54:56.484 [AsyncHttpClient-1-2] Brotli - brotli4j not in the classpath; Brotli support will be unavailable.
[DEBUG] 2022-06-01 17:54:56.619 [main] ThreadLocalRandom - -Dio.netty.initialSeedUniquifier: 0x5b5f0b6a40b6267f
[INFO ] 2022-06-01 17:55:02.539 [main] MyStoreV1 - url opened
Name of test method started:VerifyLogin
[INFO ] 2022-06-01 17:55:02.549 [main] MyStoreV1 - ***************TestCase Verify Login starts*****************
[INFO ] 2022-06-01 17:55:04.346 [main] MyStoreV1 - Clicked on sign in link
[INFO ] 2022-06-01 17:55:04.419 [main] MyStoreV1 - Entered email address
[INFO ] 2022-06-01 17:55:04.473 [main] MyStoreV1 - Entered password
[INFO ] 2022-06-01 17:55:06.241 [main] MyStoreV1 - Clicked on sign in link..
[INFO ] 2022-06-01 17:55:06.265 [main] MyStoreV1 - VerifyLogin - Passed
[INFO ] 2022-06-01 17:55:09.353 [main] MyStoreV1 - ***************TestCase Verify Login ends*****************
Name of test method sucessfully executed:VerifyLogin
]]></system-out>
    <system-err><![CDATA[SLF4J: Failed to load class "org.slf4j.impl.StaticLoggerBinder".
SLF4J: Defaulting to no-operation (NOP) logger implementation
SLF4J: See http://www.slf4j.org/codes.html#StaticLoggerBinder for further details.
Starting ChromeDriver 102.0.5005.61 (0e59bcc00cc4985ce39ad31c150065f159d95ad3-refs/branch-heads/5005@{#819}) on port 55006
Only local connections are allowed.
Please see https://chromedriver.chromium.org/security-considerations for suggestions on keeping ChromeDriver safe.
ChromeDriver was started successfully.
Jun 01, 2022 5:54:56 PM org.openqa.selenium.remote.ProtocolHandshake createSession
INFO: Detected dialect: W3C
Jun 01, 2022 5:54:56 PM org.openqa.selenium.devtools.CdpVersionFinder findNearestMatch
WARNING: Unable to find an exact match for CDP version 102, so returning the closest version found: a no-op implementation
Jun 01, 2022 5:54:56 PM org.openqa.selenium.devtools.CdpVersionFinder findNearestMatch
INFO: Unable to find CDP implementation matching 102.
Jun 01, 2022 5:54:56 PM org.openqa.selenium.chromium.ChromiumDriver lambda$new$3
WARNING: Unable to find version of CDP to use for . You may need to include a dependency on a specific version of the CDP using something similar to `org.seleniumhq.selenium:selenium-devtools-v86:4.1.1` where the version ("v86") matches the version of the chromium-based browser you're using and the version number of the artifact is the same as Selenium's.
]]></system-err>
  </testcase>
  <testcase name="VerifySignOut" classname="com.mystore.testcases.TC_MyAccountPageTest" time="7.323">
    <system-out><![CDATA[Name of test method started:VerifySignOut
[INFO ] 2022-06-01 17:55:09.361 [main] MyStoreV1 - ***************TestCase Verify Sign out starts*****************
[INFO ] 2022-06-01 17:55:11.073 [main] MyStoreV1 - Clicked on sign in link
[INFO ] 2022-06-01 17:55:11.126 [main] MyStoreV1 - Entered email address
[INFO ] 2022-06-01 17:55:11.171 [main] MyStoreV1 - Entered password
[INFO ] 2022-06-01 17:55:13.236 [main] MyStoreV1 - Clicked on sign in link..
[INFO ] 2022-06-01 17:55:16.685 [main] MyStoreV1 - VerifySignOut - Passed
[INFO ] 2022-06-01 17:55:16.686 [main] MyStoreV1 - ***************TestCase Verify Sign out ends*****************
Name of test method sucessfully executed:VerifySignOut
]]></system-out>
  </testcase>
  <testcase name="VerifyBuyProduct" classname="com.mystore.testcases.TC_ProductPageTest" time="35.515">
    <system-out><![CDATA[[INFO ] 2022-06-01 17:57:03.379 [main] MyStoreV1 - url opened
Name of test method started:VerifyBuyProduct
[INFO ] 2022-06-01 17:57:03.380 [main] MyStoreV1 - 
***************TestCase Buy Product started*****************
[INFO ] 2022-06-01 17:57:06.107 [main] MyStoreV1 - User Email and Password entered.
[INFO ] 2022-06-01 17:57:08.230 [main] MyStoreV1 - Sign In link clicked
[INFO ] 2022-06-01 17:57:08.282 [main] MyStoreV1 - T-shirt entered in search box
[INFO ] 2022-06-01 17:57:10.764 [main] MyStoreV1 - clicked on search button
[INFO ] 2022-06-01 17:57:12.774 [main] MyStoreV1 - Clicked on more button
[INFO ] 2022-06-01 17:57:16.862 [main] MyStoreV1 - quantity 2 entereed
[INFO ] 2022-06-01 17:57:16.939 [main] MyStoreV1 - size M entered
[INFO ] 2022-06-01 17:57:16.982 [main] MyStoreV1 - Clicked on add to cart
[INFO ] 2022-06-01 17:57:21.062 [main] MyStoreV1 - Clicked on proceed to checkout on product page
[INFO ] 2022-06-01 17:57:22.632 [main] MyStoreV1 - Clicked on proceed to checkout on order summary page
[INFO ] 2022-06-01 17:57:24.101 [main] MyStoreV1 - Clicked on proceed to checkout on order address page
[INFO ] 2022-06-01 17:57:24.154 [main] MyStoreV1 - selecged term of service check box
[INFO ] 2022-06-01 17:57:26.083 [main] MyStoreV1 - Clicked on proceed to checkout on order shipping page
[INFO ] 2022-06-01 17:57:26.089 [main] MyStoreV1 - http://automationpractice.com/index.php?controller=order&multi-shipping=
[INFO ] 2022-06-01 17:57:27.703 [main] MyStoreV1 - Clicked on pay by cheque
[INFO ] 2022-06-01 17:57:32.141 [main] MyStoreV1 - Clicked on confirmed order
[INFO ] 2022-06-01 17:57:32.166 [main] MyStoreV1 - VerifyBuyProduct - Passed
[INFO ] 2022-06-01 17:57:38.895 [main] MyStoreV1 - ***************TestCase BuyProduct ends*****************
Name of test method sucessfully executed:VerifyBuyProduct
]]></system-out>
    <system-err><![CDATA[Jun 01, 2022 5:55:16 PM org.openqa.selenium.remote.http.WebSocket$Listener onError
WARNING: Connection reset
java.net.SocketException: Connection reset
	at java.base/sun.nio.ch.SocketChannelImpl.throwConnectionReset(SocketChannelImpl.java:394)
	at java.base/sun.nio.ch.SocketChannelImpl.read(SocketChannelImpl.java:426)
	at io.netty.buffer.PooledByteBuf.setBytes(PooledByteBuf.java:253)
	at io.netty.buffer.AbstractByteBuf.writeBytes(AbstractByteBuf.java:1132)
	at io.netty.channel.socket.nio.NioSocketChannel.doReadBytes(NioSocketChannel.java:350)
	at io.netty.channel.nio.AbstractNioByteChannel$NioByteUnsafe.read(AbstractNioByteChannel.java:151)
	at io.netty.channel.nio.NioEventLoop.processSelectedKey(NioEventLoop.java:719)
	at io.netty.channel.nio.NioEventLoop.processSelectedKeysOptimized(NioEventLoop.java:655)
	at io.netty.channel.nio.NioEventLoop.processSelectedKeys(NioEventLoop.java:581)
	at io.netty.channel.nio.NioEventLoop.run(NioEventLoop.java:493)
	at io.netty.util.concurrent.SingleThreadEventExecutor$4.run(SingleThreadEventExecutor.java:986)
	at io.netty.util.internal.ThreadExecutorMap$2.run(ThreadExecutorMap.java:74)
	at io.netty.util.concurrent.FastThreadLocalRunnable.run(FastThreadLocalRunnable.java:30)
	at java.base/java.lang.Thread.run(Thread.java:833)

Starting ChromeDriver 102.0.5005.61 (0e59bcc00cc4985ce39ad31c150065f159d95ad3-refs/branch-heads/5005@{#819}) on port 50065
Only local connections are allowed.
Please see https://chromedriver.chromium.org/security-considerations for suggestions on keeping ChromeDriver safe.
ChromeDriver was started successfully.
Jun 01, 2022 5:55:17 PM org.openqa.selenium.remote.ProtocolHandshake createSession
INFO: Detected dialect: W3C
Jun 01, 2022 5:55:17 PM org.openqa.selenium.devtools.CdpVersionFinder findNearestMatch
WARNING: Unable to find an exact match for CDP version 102, so returning the closest version found: a no-op implementation
Jun 01, 2022 5:55:17 PM org.openqa.selenium.devtools.CdpVersionFinder findNearestMatch
INFO: Unable to find CDP implementation matching 102.
Jun 01, 2022 5:55:17 PM org.openqa.selenium.chromium.ChromiumDriver lambda$new$3
WARNING: Unable to find version of CDP to use for . You may need to include a dependency on a specific version of the CDP using something similar to `org.seleniumhq.selenium:selenium-devtools-v86:4.1.1` where the version ("v86") matches the version of the chromium-based browser you're using and the version number of the artifact is the same as Selenium's.
]]></system-err>
  </testcase>
  <testcase name="VerifySearchProduct" classname="com.mystore.testcases.TC_ProductPageTest" time="19.18">
    <system-out><![CDATA[Name of test method started:VerifySearchProduct
[INFO ] 2022-06-01 17:57:38.896 [main] MyStoreV1 - 
***************TestCase Search Product started*****************
[INFO ] 2022-06-01 17:57:40.738 [main] MyStoreV1 - User Email and Password entered.
[INFO ] 2022-06-01 17:57:48.137 [main] MyStoreV1 - Sign In link clicked
[INFO ] 2022-06-01 17:57:55.381 [main] MyStoreV1 - Search Product testcase - Passed
[INFO ] 2022-06-01 17:57:58.076 [main] MyStoreV1 - ***************TestCase Search Product ends*****************
Name of test method sucessfully executed:VerifySearchProduct
]]></system-out>
  </testcase>
  <testcase name="verifyAddToWishlistWithoutLogin" classname="com.mystore.testcases.TC_ProductPageTest" time="5.436">
    <system-out><![CDATA[Name of test method started:verifyAddToWishlistWithoutLogin
[INFO ] 2022-06-01 17:57:58.076 [main] MyStoreV1 - 
***************TestCase verifyAddToWishlistWithoutLogin started*****************
[INFO ] 2022-06-01 17:58:03.515 [main] MyStoreV1 - verifyAddToWishlistWithoutLogin - passed
Name of test method sucessfully executed:verifyAddToWishlistWithoutLogin
]]></system-out>
  </testcase>
</testsuite>